15:44:39,177  INFO main MessagesPage:isLoginButtonPresent:47 - Login page is opened
10:10:58,292  INFO main MessagesPage:isLoginButtonPresent:55 - Login page is opened
10:12:14,436  INFO main MessagesPage:isLoginButtonPresent:55 - Login page is opened
10:15:34,106  INFO main MessagesPage:isLoginButtonPresent:50 - Login page is opened
10:31:52,787  INFO main MessagesPage:isLoginButtonPresent:50 - Login page is opened
10:36:39,638  INFO main MessagesPage:isLoginButtonPresent:50 - Login page is opened
11:04:56,716  INFO main MessagesPage:isLoginButtonPresent:50 - Login page is opened
11:06:14,658  INFO main MessagesPage:isLoginButtonPresent:50 - Login page is opened
11:07:20,626  INFO main MessagesPage:isLoginButtonPresent:50 - Login page is opened
11:07:46,651  INFO main MessagesPage:isLoginButtonPresent:50 - Login page is opened
11:23:34,550  INFO main MessagesPage:isLoginButtonPresent:50 - Login page is opened
11:29:39,973  INFO main MessagesPage:isLoginButtonPresent:50 - Login page is opened
12:29:34,406  INFO main MessagesPage:isLoginButtonPresent:50 - Login page is opened
12:30:03,750  INFO main MessagesPage:isLoginButtonPresent:50 - Login page is opened
12:31:39,655  INFO main MessagesPage:isLoginButtonPresent:50 - Login page is opened
13:12:03,002  INFO main MessagesPage:isLoginButtonPresent:50 - Login page is opened
13:32:28,757  INFO main MessagesPage:isLoginButtonPresent:50 - Login page is opened
14:06:42,025  INFO main MessagesPage:isLoginButtonPresent:50 - Login page is opened
14:12:25,664  INFO main MessagesPage:isLoginButtonPresent:50 - Login page is opened
14:12:55,092  INFO main MessagesPage:isLoginButtonPresent:50 - Login page is opened
15:15:28,035  INFO main MessagesPage:isLoginButtonPresent:50 - Login page is opened
15:15:56,844  INFO main MessagesPage:isLoginButtonPresent:50 - Login page is opened
15:17:11,403  INFO main MessagesPage:isLoginButtonPresent:50 - Login page is opened
15:17:44,288  INFO main MessagesPage:isLoginButtonPresent:50 - Login page is opened
15:18:35,155  INFO main MessagesPage:isLoginButtonPresent:50 - Login page is opened
15:18:58,573  INFO main MessagesPage:isLoginButtonPresent:50 - Login page is opened
15:19:26,922  INFO main MessagesPage:isLoginButtonPresent:50 - Login page is opened
15:19:38,998  INFO main MessagesPage:isLoginButtonPresent:50 - Login page is opened
15:20:05,531  INFO main MessagesPage:isLoginButtonPresent:50 - Login page is opened
15:20:31,799  INFO main MessagesPage:isLoginButtonPresent:50 - Login page is opened
15:20:48,222  INFO main MessagesPage:isLoginButtonPresent:50 - Login page is opened
15:30:24,505  INFO main MessagesPage:isLoginButtonPresent:50 - Login page is opened
15:34:20,196  INFO main MessagesPage:isLoginButtonPresent:50 - Login page is opened
15:34:51,819  INFO main MessagesPage:isLoginButtonPresent:50 - Login page is opened
15:35:18,296  INFO main MessagesPage:isLoginButtonPresent:50 - Login page is opened
15:36:38,451  INFO main MessagesPage:isLoginButtonPresent:50 - Login page is opened
15:40:11,610  INFO main MessagesPage:isLoginButtonPresent:50 - Login page is opened
15:40:59,772  INFO main MessagesPage:isLoginButtonPresent:50 - Login page is opened
15:41:36,548  INFO main MessagesPage:isLoginButtonPresent:50 - Login page is opened
15:45:40,828  INFO main MessagesPage:isLoginButtonPresent:50 - Login page is opened
15:59:28,341  INFO main MessagesPage:isLoginButtonPresent:50 - Login page is opened
16:03:45,605  INFO main MessagesPage:isLoginButtonPresent:50 - Login page is opened
16:04:42,067  INFO main MessagesPage:isLoginButtonPresent:50 - Login page is opened
16:05:30,599  INFO main MessagesPage:isLoginButtonPresent:50 - Login page is opened
16:05:46,064  INFO main MessagesPage:isLoginButtonPresent:50 - Login page is opened
16:06:27,300  INFO main MessagesPage:isLoginButtonPresent:50 - Login page is opened
16:07:12,890  INFO main MessagesPage:isLoginButtonPresent:50 - Login page is opened
16:08:58,101  INFO main MessagesPage:isLoginButtonPresent:50 - Login page is opened
16:09:37,992  INFO main MessagesPage:isLoginButtonPresent:50 - Login page is opened
16:10:05,725  INFO main MessagesPage:isLoginButtonPresent:50 - Login page is opened
16:13:07,002  INFO main MessagesPage:isLoginButtonPresent:50 - Login page is opened
16:13:07,469  INFO main MessageCreationTest:messageCreationTest:21 - Создан объект: MessageData{name='dfgsdfgsgfd', text='test wewertest'}
16:14:21,911  INFO main MessagesPage:isLoginButtonPresent:50 - Login page is opened
16:14:22,124  INFO main TestBase:logTestStart:39 - Start test messageCreationTest
16:14:22,442  INFO main MessageCreationTest:messageCreationTest:21 - Создан объект: MessageData{name='dfgsdfgsgfd', text='test wewertest'}
16:14:23,007  INFO main TestBase:logTestStop:44 - Stop test messageCreationTest
16:47:12,695  INFO main MessagesPage:isLoginButtonPresent:50 - Login page is opened
16:47:12,927  INFO main TestBase:logTestStart:39 - Start test messageCreationAndViewTest
16:47:13,458  INFO main TestBase:logTestStop:44 - Stop test messageCreationAndViewTest
16:48:37,283  INFO main MessagesPage:isLoginButtonPresent:50 - Login page is opened
16:48:37,550  INFO main TestBase:logTestStart:39 - Start test messageCreationAndViewTest
16:48:38,114  INFO main TestBase:logTestStop:44 - Stop test messageCreationAndViewTest
16:50:06,129  INFO main MessagesPage:isLoginButtonPresent:50 - Login page is opened
16:50:06,366  INFO main TestBase:logTestStart:39 - Start test messageCreationTest
16:50:06,708  INFO main MessageCreationTest:messageCreationTest:18 - Создан объект: MessageData{name='dfgsdfgsgfd', text='test wewertest'}
16:50:07,209  INFO main TestBase:logTestStop:44 - Stop test messageCreationTest
16:51:16,375  INFO main MessagesPage:isLoginButtonPresent:50 - Login page is opened
16:51:16,655  INFO main TestBase:logTestStart:39 - Start test messageCreationAndViewTest
16:51:17,211  INFO main TestBase:logTestStop:44 - Stop test messageCreationAndViewTest
16:53:10,170  INFO main MessagesPage:isLoginButtonPresent:50 - Login page is opened
16:53:11,505  INFO main TestBase:logTestStart:39 - Start test messageCreationAndViewTest
16:53:12,012  INFO main TestBase:logTestStop:44 - Stop test messageCreationAndViewTest
16:56:46,779  INFO main MessagesPage:isLoginButtonPresent:50 - Login page is opened
16:56:47,018  INFO main TestBase:logTestStart:39 - Start test messageCreationAndViewTest
16:56:48,011  INFO main TestBase:logTestStop:44 - Stop test messageCreationAndViewTest
16:58:12,009  INFO main MessagesPage:isLoginButtonPresent:50 - Login page is opened
16:58:12,258  INFO main TestBase:logTestStart:39 - Start test messageCreationAndViewTest
16:58:13,337  INFO main TestBase:logTestStop:44 - Stop test messageCreationAndViewTest
16:58:40,478  INFO main MessagesPage:isLoginButtonPresent:50 - Login page is opened
16:58:40,708  INFO main TestBase:logTestStart:39 - Start test messageCreationAndViewTest
16:58:41,794  INFO main TestBase:logTestStop:44 - Stop test messageCreationAndViewTest
16:59:11,030  INFO main MessagesPage:isLoginButtonPresent:50 - Login page is opened
16:59:11,257  INFO main TestBase:logTestStart:39 - Start test messageCreationAndViewTest
16:59:12,084  INFO main TestBase:logTestStop:44 - Stop test messageCreationAndViewTest
16:59:20,847  INFO main MessagesPage:isLoginButtonPresent:50 - Login page is opened
16:59:21,057  INFO main TestBase:logTestStart:39 - Start test messageCreationAndViewTest
16:59:21,916  INFO main TestBase:logTestStop:44 - Stop test messageCreationAndViewTest
16:59:30,786  INFO main MessagesPage:isLoginButtonPresent:50 - Login page is opened
16:59:31,001  INFO main TestBase:logTestStart:39 - Start test messageCreationAndViewTest
16:59:31,885  INFO main TestBase:logTestStop:44 - Stop test messageCreationAndViewTest
16:59:43,971  INFO main MessagesPage:isLoginButtonPresent:50 - Login page is opened
16:59:44,204  INFO main TestBase:logTestStart:39 - Start test messageCreationAndViewTest
16:59:45,322  INFO main TestBase:logTestStop:44 - Stop test messageCreationAndViewTest
16:59:55,698  INFO main MessagesPage:isLoginButtonPresent:50 - Login page is opened
16:59:55,916  INFO main TestBase:logTestStart:39 - Start test messageCreationAndViewTest
16:59:56,895  INFO main TestBase:logTestStop:44 - Stop test messageCreationAndViewTest
17:00:08,336  INFO main MessagesPage:isLoginButtonPresent:50 - Login page is opened
17:00:08,576  INFO main TestBase:logTestStart:39 - Start test messageCreationAndViewTest
17:00:09,737  INFO main TestBase:logTestStop:44 - Stop test messageCreationAndViewTest
17:00:22,560  INFO main MessagesPage:isLoginButtonPresent:50 - Login page is opened
17:00:22,812  INFO main TestBase:logTestStart:39 - Start test messageCreationAndViewTest
17:00:23,847  INFO main TestBase:logTestStop:44 - Stop test messageCreationAndViewTest
17:00:44,130  INFO main MessagesPage:isLoginButtonPresent:50 - Login page is opened
17:00:44,337  INFO main TestBase:logTestStart:39 - Start test messageCreationAndViewTest
17:00:45,314  INFO main TestBase:logTestStop:44 - Stop test messageCreationAndViewTest
17:01:05,629  INFO main MessagesPage:isLoginButtonPresent:50 - Login page is opened
17:01:05,844  INFO main TestBase:logTestStart:39 - Start test messageCreationAndViewTest
17:01:06,822  INFO main TestBase:logTestStop:44 - Stop test messageCreationAndViewTest
17:01:23,041  INFO main MessagesPage:isLoginButtonPresent:50 - Login page is opened
17:01:23,262  INFO main TestBase:logTestStart:39 - Start test messageCreationAndViewTest
17:01:24,245  INFO main TestBase:logTestStop:44 - Stop test messageCreationAndViewTest
17:23:45,855  INFO main MessagesPage:isLoginButtonPresent:50 - Login page is opened
17:23:46,223  INFO main TestBase:logTestStart:39 - Start test messageCreationAndViewTest
17:23:47,415  INFO main TestBase:logTestStop:44 - Stop test messageCreationAndViewTest
17:24:43,868  INFO main MessagesPage:isLoginButtonPresent:50 - Login page is opened
17:24:44,096  INFO main TestBase:logTestStart:39 - Start test messageCreationAndViewTest
17:24:45,222  INFO main TestBase:logTestStop:44 - Stop test messageCreationAndViewTest
17:25:21,239  INFO main MessagesPage:isLoginButtonPresent:50 - Login page is opened
17:25:21,487  INFO main TestBase:logTestStart:39 - Start test messageCreationAndViewTest
17:25:22,642  INFO main TestBase:logTestStop:44 - Stop test messageCreationAndViewTest
17:25:45,968  INFO main MessagesPage:isLoginButtonPresent:50 - Login page is opened
17:25:46,204  INFO main TestBase:logTestStart:39 - Start test messageCreationAndViewTest
17:25:47,266  INFO main TestBase:logTestStop:44 - Stop test messageCreationAndViewTest
17:27:19,954  INFO main MessagesPage:isLoginButtonPresent:50 - Login page is opened
17:27:20,198  INFO main TestBase:logTestStart:39 - Start test messageCreationAndViewTest
17:27:21,389  INFO main TestBase:logTestStop:44 - Stop test messageCreationAndViewTest
17:28:10,494  INFO main MessagesPage:isLoginButtonPresent:50 - Login page is opened
17:28:10,963  INFO main TestBase:logTestStart:39 - Start test messageCreationAndViewTest
17:28:12,749  INFO main TestBase:logTestStop:44 - Stop test messageCreationAndViewTest
18:17:49,708  INFO main MessagesPage:isLoginButtonPresent:50 - Login page is opened
18:17:50,055  INFO main TestBase:logTestStart:39 - Start test createAndModifyTest
18:17:51,351  INFO main TestBase:logTestStop:44 - Stop test createAndModifyTest
18:18:37,395  INFO main MessagesPage:isLoginButtonPresent:50 - Login page is opened
18:18:37,707  INFO main TestBase:logTestStart:39 - Start test createAndModifyTest
18:18:38,844  INFO main TestBase:logTestStop:44 - Stop test createAndModifyTest
18:19:37,066  INFO main MessagesPage:isLoginButtonPresent:50 - Login page is opened
18:19:37,286  INFO main TestBase:logTestStart:39 - Start test createAndModifyTest
18:19:38,510  INFO main TestBase:logTestStop:44 - Stop test createAndModifyTest
18:23:14,029  INFO main MessagesPage:isLoginButtonPresent:50 - Login page is opened
18:23:14,326  INFO main TestBase:logTestStart:39 - Start test createAndModifyTest
18:23:15,679  INFO main TestBase:logTestStop:44 - Stop test createAndModifyTest
18:24:07,991  INFO main MessagesPage:isLoginButtonPresent:50 - Login page is opened
18:24:08,214  INFO main TestBase:logTestStart:39 - Start test createAndModifyTest
18:24:09,448  INFO main TestBase:logTestStop:44 - Stop test createAndModifyTest
18:29:13,889  INFO main MessagesPage:isLoginButtonPresent:50 - Login page is opened
18:29:14,105  INFO main TestBase:logTestStart:39 - Start test createAndModifyTest
18:29:15,162  INFO main TestBase:logTestStop:44 - Stop test createAndModifyTest
09:38:55,445  INFO main MessagesPage:isLoginButtonPresent:50 - Login page is opened
09:38:55,911  INFO main TestBase:logTestStart:39 - Start test createAndModifyTest
09:38:57,332  INFO main TestBase:logTestStop:44 - Stop test createAndModifyTest
09:56:56,178  INFO main MessagesPage:isLoginButtonPresent:50 - Login page is opened
09:56:56,455  INFO main TestBase:logTestStart:39 - Start test createAndModifyTest
09:56:58,340  INFO main TestBase:logTestStop:44 - Stop test createAndModifyTest
09:57:59,889  INFO main MessagesPage:isLoginButtonPresent:50 - Login page is opened
09:58:00,123  INFO main TestBase:logTestStart:39 - Start test createAndModifyTest
09:58:01,725  INFO main TestBase:logTestStop:44 - Stop test createAndModifyTest
09:59:44,398  INFO main MessagesPage:isLoginButtonPresent:50 - Login page is opened
09:59:44,618  INFO main TestBase:logTestStart:39 - Start test createAndModifyTest
09:59:46,312  INFO main TestBase:logTestStop:44 - Stop test createAndModifyTest
10:18:45,638  INFO main MessagesPage:isLoginButtonPresent:50 - Login page is opened
10:18:45,966  INFO main TestBase:logTestStart:39 - Start test messageCreationTest
10:18:46,373  INFO main MessageCreateTest:messageCreationTest:18 - Создан объект: MessageData{name='Test', text='Test Text'}
10:18:47,053  INFO main TestBase:logTestStop:44 - Stop test messageCreationTest
10:19:11,278  INFO main MessagesPage:isLoginButtonPresent:50 - Login page is opened
10:19:11,507  INFO main TestBase:logTestStart:39 - Start test messageCreationAndViewTest
10:19:12,594  INFO main TestBase:logTestStop:44 - Stop test messageCreationAndViewTest
10:19:37,704  INFO main MessagesPage:isLoginButtonPresent:50 - Login page is opened
10:19:37,901  INFO main TestBase:logTestStart:39 - Start test messageCreationAndViewTest
10:19:39,322  INFO main TestBase:logTestStop:44 - Stop test messageCreationAndViewTest
10:19:50,004  INFO main MessagesPage:isLoginButtonPresent:50 - Login page is opened
10:19:50,209  INFO main TestBase:logTestStart:39 - Start test createAndModifyTest
10:19:51,915  INFO main TestBase:logTestStop:44 - Stop test createAndModifyTest
10:34:07,724  INFO main MessagesPage:isLoginButtonPresent:50 - Login page is opened
10:34:07,962  INFO main TestBase:logTestStart:39 - Start test createAndDeleteTest
10:34:08,505  INFO main TestBase:logTestStop:44 - Stop test createAndDeleteTest
10:36:03,271  INFO main MessagesPage:isLoginButtonPresent:50 - Login page is opened
10:36:03,568  INFO main TestBase:logTestStart:39 - Start test createAndDeleteTest
10:36:19,498  INFO main TestBase:logTestStop:44 - Stop test createAndDeleteTest
10:36:54,065  INFO main MessagesPage:isLoginButtonPresent:50 - Login page is opened
10:36:54,283  INFO main TestBase:logTestStart:39 - Start test createAndDeleteTest
10:36:55,572  INFO main TestBase:logTestStop:44 - Stop test createAndDeleteTest
10:41:06,589  INFO main MessagesPage:isLoginButtonPresent:50 - Login page is opened
10:41:07,457  INFO main TestBase:logTestStart:39 - Start test createAndExitTest
10:41:08,251  INFO main TestBase:logTestStop:44 - Stop test createAndExitTest
10:47:03,814  INFO main MessagesPage:isLoginButtonPresent:50 - Login page is opened
10:47:04,072  INFO main TestBase:logTestStart:39 - Start test doubleCreate
10:47:05,403  INFO main TestBase:logTestStop:44 - Stop test doubleCreate
10:47:33,364  INFO main MessagesPage:isLoginButtonPresent:50 - Login page is opened
10:47:33,572  INFO main TestBase:logTestStart:39 - Start test doubleCreate
10:47:34,716  INFO main TestBase:logTestStop:44 - Stop test doubleCreate
10:53:32,455  INFO main MessagesPage:isLoginButtonPresent:50 - Login page is opened
10:53:32,668  INFO main TestBase:logTestStart:39 - Start test doubleCreate
10:53:33,832  INFO main TestBase:logTestStop:44 - Stop test doubleCreate
10:53:34,471  INFO main TestBase:logTestStart:39 - Start test messageCreationTest
10:53:34,480  INFO main TestBase:logTestStop:44 - Stop test messageCreationTest
10:53:34,481  INFO main TestBase:logTestStart:39 - Start test messageCreationAndViewTest
10:53:34,497  INFO main TestBase:logTestStop:44 - Stop test messageCreationAndViewTest
10:53:34,499  INFO main TestBase:logTestStart:39 - Start test createAndModifyTest
10:53:34,506  INFO main TestBase:logTestStop:44 - Stop test createAndModifyTest
10:53:34,516  INFO main TestBase:logTestStart:39 - Start test createAndExitTest
10:53:34,522  INFO main TestBase:logTestStop:44 - Stop test createAndExitTest
10:53:34,526  INFO main TestBase:logTestStart:39 - Start test createAndDeleteTest
10:53:34,530  INFO main TestBase:logTestStop:44 - Stop test createAndDeleteTest
10:53:58,160  INFO main MessagesPage:isLoginButtonPresent:50 - Login page is opened
10:53:58,361  INFO main TestBase:logTestStart:39 - Start test createAndDeleteTest
10:53:59,354  INFO main TestBase:logTestStop:44 - Stop test createAndDeleteTest
10:53:59,974  INFO main TestBase:logTestStart:39 - Start test createAndExitTest
10:53:59,983  INFO main TestBase:logTestStop:44 - Stop test createAndExitTest
10:53:59,985  INFO main TestBase:logTestStart:39 - Start test createAndModifyTest
10:54:00,008  INFO main TestBase:logTestStop:44 - Stop test createAndModifyTest
10:54:00,010  INFO main TestBase:logTestStart:39 - Start test messageCreationAndViewTest
10:54:00,016  INFO main TestBase:logTestStop:44 - Stop test messageCreationAndViewTest
10:54:00,018  INFO main TestBase:logTestStart:39 - Start test messageCreationTest
10:54:00,021  INFO main TestBase:logTestStop:44 - Stop test messageCreationTest
10:54:00,029  INFO main TestBase:logTestStart:39 - Start test doubleCreate
10:54:00,034  INFO main TestBase:logTestStop:44 - Stop test doubleCreate
11:03:47,646  INFO main MessagesPage:isLoginButtonPresent:50 - Login page is opened
11:03:48,008  INFO main TestBase:logTestStart:41 - Start test createAndDeleteTest
11:03:49,159  INFO main TestBase:logTestStop:46 - Stop test createAndDeleteTest
11:03:49,820  INFO main TestBase:logTestStart:41 - Start test viewOthersMessagesTest
11:03:49,825  INFO main TestBase:logTestStop:46 - Stop test viewOthersMessagesTest
11:03:49,828  INFO main TestBase:logTestStart:41 - Start test createAndExitTest
11:03:49,838  INFO main TestBase:logTestStop:46 - Stop test createAndExitTest
11:03:49,840  INFO main TestBase:logTestStart:41 - Start test createAndModifyTest
11:03:49,844  INFO main TestBase:logTestStop:46 - Stop test createAndModifyTest
11:03:49,846  INFO main TestBase:logTestStart:41 - Start test messageCreationAndViewTest
11:03:49,851  INFO main TestBase:logTestStop:46 - Stop test messageCreationAndViewTest
11:03:49,854  INFO main TestBase:logTestStart:41 - Start test messageCreationTest
11:03:49,859  INFO main TestBase:logTestStop:46 - Stop test messageCreationTest
11:03:49,861  INFO main TestBase:logTestStart:41 - Start test doubleCreate
11:03:49,866  INFO main TestBase:logTestStop:46 - Stop test doubleCreate
11:05:08,575  INFO main MessagesPage:isLoginButtonPresent:50 - Login page is opened
11:05:08,819  INFO main TestBase:logTestStart:44 - Start test createAndDeleteTest
11:05:09,938  INFO main TestBase:logTestStop:49 - Stop test createAndDeleteTest
11:05:09,942  INFO main TestBase:logTestStart:44 - Start test viewOthersMessagesTest
11:05:09,946  INFO main TestBase:logTestStop:49 - Stop test viewOthersMessagesTest
11:05:09,950  INFO main TestBase:logTestStart:44 - Start test createAndExitTest
11:05:09,960  INFO main TestBase:logTestStop:49 - Stop test createAndExitTest
11:05:09,963  INFO main TestBase:logTestStart:44 - Start test createAndModifyTest
11:05:09,972  INFO main TestBase:logTestStop:49 - Stop test createAndModifyTest
11:05:09,975  INFO main TestBase:logTestStart:44 - Start test messageCreationAndViewTest
11:05:09,980  INFO main TestBase:logTestStop:49 - Stop test messageCreationAndViewTest
11:05:09,983  INFO main TestBase:logTestStart:44 - Start test messageCreationTest
11:05:09,989  INFO main TestBase:logTestStop:49 - Stop test messageCreationTest
11:05:09,992  INFO main TestBase:logTestStart:44 - Start test doubleCreate
11:05:09,997  INFO main TestBase:logTestStop:49 - Stop test doubleCreate
11:06:13,743  INFO main MessagesPage:isLoginButtonPresent:50 - Login page is opened
11:06:13,961  INFO main TestBase:logTestStart:44 - Start test createAndDeleteTest
11:06:14,979  INFO main TestBase:logTestStop:49 - Stop test createAndDeleteTest
11:06:14,982  INFO main TestBase:logTestStart:44 - Start test viewOthersMessagesTest
11:06:15,004  INFO main TestBase:logTestStop:49 - Stop test viewOthersMessagesTest
11:06:15,008  INFO main TestBase:logTestStart:44 - Start test createAndExitTest
11:06:15,019  INFO main TestBase:logTestStop:49 - Stop test createAndExitTest
11:06:15,021  INFO main TestBase:logTestStart:44 - Start test createAndModifyTest
11:06:15,026  INFO main TestBase:logTestStop:49 - Stop test createAndModifyTest
11:06:15,029  INFO main TestBase:logTestStart:44 - Start test messageCreationAndViewTest
11:06:15,035  INFO main TestBase:logTestStop:49 - Stop test messageCreationAndViewTest
11:06:15,037  INFO main TestBase:logTestStart:44 - Start test messageCreationTest
11:06:15,042  INFO main TestBase:logTestStop:49 - Stop test messageCreationTest
11:06:15,045  INFO main TestBase:logTestStart:44 - Start test doubleCreate
11:06:15,050  INFO main TestBase:logTestStop:49 - Stop test doubleCreate
11:07:01,663  INFO main MessagesPage:isLoginButtonPresent:50 - Login page is opened
11:07:01,901  INFO main TestBase:logTestStart:44 - Start test createAndDeleteTest
11:07:03,023  INFO main TestBase:logTestStop:49 - Stop test createAndDeleteTest
11:07:03,028  INFO main TestBase:logTestStart:44 - Start test createAndExitTest
11:07:03,039  INFO main TestBase:logTestStop:49 - Stop test createAndExitTest
11:07:03,041  INFO main TestBase:logTestStart:44 - Start test createAndModifyTest
11:07:03,046  INFO main TestBase:logTestStop:49 - Stop test createAndModifyTest
11:07:03,049  INFO main TestBase:logTestStart:44 - Start test messageCreationAndViewTest
11:07:03,054  INFO main TestBase:logTestStop:49 - Stop test messageCreationAndViewTest
11:07:03,057  INFO main TestBase:logTestStart:44 - Start test messageCreationTest
11:07:03,062  INFO main TestBase:logTestStop:49 - Stop test messageCreationTest
11:07:03,065  INFO main TestBase:logTestStart:44 - Start test doubleCreate
11:07:03,071  INFO main TestBase:logTestStop:49 - Stop test doubleCreate
11:09:09,331  INFO main MessagesPage:isLoginButtonPresent:50 - Login page is opened
11:09:09,576  INFO main TestBase:logTestStart:45 - Start test createAndDeleteTest
11:09:10,666  INFO main TestBase:logTestStop:50 - Stop test createAndDeleteTest
11:09:11,301  INFO main TestBase:logTestStart:45 - Start test createAndExitTest
11:09:11,320  INFO main TestBase:logTestStop:50 - Stop test createAndExitTest
11:09:11,325  INFO main TestBase:logTestStart:45 - Start test createAndModifyTest
11:09:11,340  INFO main TestBase:logTestStop:50 - Stop test createAndModifyTest
11:09:11,344  INFO main TestBase:logTestStart:45 - Start test messageCreationAndViewTest
11:09:11,350  INFO main TestBase:logTestStop:50 - Stop test messageCreationAndViewTest
11:09:11,354  INFO main TestBase:logTestStart:45 - Start test messageCreationTest
11:09:11,361  INFO main TestBase:logTestStop:50 - Stop test messageCreationTest
11:09:11,365  INFO main TestBase:logTestStart:45 - Start test doubleCreate
11:09:11,371  INFO main TestBase:logTestStop:50 - Stop test doubleCreate
11:13:52,066  INFO main MessagesPage:isLoginButtonPresent:50 - Login page is opened
11:13:52,339  INFO main TestBase:logTestStart:45 - Start test messageCreationTest
11:13:52,757  INFO main MessageCreateTest:messageCreationTest:18 - Создан объект: MessageData{name='Test', text='Test Text'}
11:13:53,416  INFO main TestBase:logTestStop:50 - Stop test messageCreationTest
11:14:36,068  INFO main MessagesPage:isLoginButtonPresent:50 - Login page is opened
11:14:36,288  INFO main TestBase:logTestStart:45 - Start test createAndDeleteTest
11:14:37,362  INFO main TestBase:logTestStop:50 - Stop test createAndDeleteTest
11:14:37,985  INFO main TestBase:logTestStart:45 - Start test createAndExitTest
11:14:38,003  INFO main TestBase:logTestStop:50 - Stop test createAndExitTest
11:14:38,005  INFO main TestBase:logTestStart:45 - Start test createAndModifyTest
11:14:38,010  INFO main TestBase:logTestStop:50 - Stop test createAndModifyTest
11:14:38,012  INFO main TestBase:logTestStart:45 - Start test messageCreationAndViewTest
11:14:38,017  INFO main TestBase:logTestStop:50 - Stop test messageCreationAndViewTest
11:14:38,019  INFO main TestBase:logTestStart:45 - Start test messageCreationTest
11:14:38,023  INFO main TestBase:logTestStop:50 - Stop test messageCreationTest
11:14:38,025  INFO main TestBase:logTestStart:45 - Start test doubleCreate
11:14:38,029  INFO main TestBase:logTestStop:50 - Stop test doubleCreate
11:33:53,057  INFO main TestBase:logTestStart:45 - Start test createAndDeleteTest
11:33:53,200  INFO main TestBase:logTestStop:50 - Stop test createAndDeleteTest
11:33:53,216  INFO main TestBase:logTestStart:45 - Start test createAndExitTest
11:33:53,219  INFO main TestBase:logTestStop:50 - Stop test createAndExitTest
11:33:53,221  INFO main TestBase:logTestStart:45 - Start test createAndModifyTest
11:33:53,225  INFO main TestBase:logTestStop:50 - Stop test createAndModifyTest
11:33:53,228  INFO main TestBase:logTestStart:45 - Start test messageCreationAndViewTest
11:33:53,233  INFO main TestBase:logTestStop:50 - Stop test messageCreationAndViewTest
11:33:53,235  INFO main TestBase:logTestStart:45 - Start test messageCreationTest
11:33:53,239  INFO main TestBase:logTestStop:50 - Stop test messageCreationTest
11:33:53,242  INFO main TestBase:logTestStart:45 - Start test doubleCreate
11:33:53,246  INFO main TestBase:logTestStop:50 - Stop test doubleCreate
11:34:48,957  INFO main MessagesPage:isLoginButtonPresent:50 - Login page is opened
11:34:49,246  INFO main TestBase:logTestStart:46 - Start test createAndDeleteTest
11:34:50,262  INFO main TestBase:logTestStop:51 - Stop test createAndDeleteTest
11:34:50,874  INFO main TestBase:logTestStart:46 - Start test createAndExitTest
11:34:50,886  INFO main TestBase:logTestStop:51 - Stop test createAndExitTest
11:34:50,888  INFO main TestBase:logTestStart:46 - Start test createAndModifyTest
11:34:50,898  INFO main TestBase:logTestStop:51 - Stop test createAndModifyTest
11:34:50,901  INFO main TestBase:logTestStart:46 - Start test messageCreationAndViewTest
11:34:50,904  INFO main TestBase:logTestStop:51 - Stop test messageCreationAndViewTest
11:34:50,925  INFO main TestBase:logTestStart:46 - Start test messageCreationTest
11:34:50,933  INFO main TestBase:logTestStop:51 - Stop test messageCreationTest
11:34:50,935  INFO main TestBase:logTestStart:46 - Start test doubleCreate
11:34:50,992  INFO main TestBase:logTestStop:51 - Stop test doubleCreate
11:36:00,375  INFO main MessagesPage:isLoginButtonPresent:50 - Login page is opened
11:36:00,650  INFO main TestBase:logTestStart:46 - Start test createAndDeleteTest
11:36:01,712  INFO main TestBase:logTestStop:51 - Stop test createAndDeleteTest
11:36:02,351  INFO main TestBase:logTestStart:46 - Start test createAndExitTest
11:36:02,361  INFO main TestBase:logTestStop:51 - Stop test createAndExitTest
11:36:02,363  INFO main TestBase:logTestStart:46 - Start test createAndModifyTest
11:36:02,371  INFO main TestBase:logTestStop:51 - Stop test createAndModifyTest
11:36:02,373  INFO main TestBase:logTestStart:46 - Start test messageCreationAndViewTest
11:36:02,377  INFO main TestBase:logTestStop:51 - Stop test messageCreationAndViewTest
11:36:02,379  INFO main TestBase:logTestStart:46 - Start test messageCreationTest
11:36:02,382  INFO main TestBase:logTestStop:51 - Stop test messageCreationTest
11:36:02,386  INFO main TestBase:logTestStart:46 - Start test doubleCreate
11:36:02,403  INFO main TestBase:logTestStop:51 - Stop test doubleCreate
11:51:03,715  INFO main MessagesPage:isLoginButtonPresent:50 - Login page is opened
11:51:04,044  INFO main TestBase:logTestStart:44 - Start test createAndDeleteTest
11:51:05,194  INFO main TestBase:logTestStop:49 - Stop test createAndDeleteTest
11:51:08,584  INFO main MessagesPage:isLoginButtonPresent:50 - Login page is opened
11:51:08,758  INFO main TestBase:logTestStart:44 - Start test createAndExitTest
11:51:09,252  INFO main TestBase:logTestStop:49 - Stop test createAndExitTest
11:51:12,647  INFO main MessagesPage:isLoginButtonPresent:50 - Login page is opened
11:51:12,822  INFO main TestBase:logTestStart:44 - Start test createAndModifyTest
11:51:14,349  INFO main TestBase:logTestStop:49 - Stop test createAndModifyTest
11:51:17,802  INFO main MessagesPage:isLoginButtonPresent:50 - Login page is opened
11:51:17,974  INFO main TestBase:logTestStart:44 - Start test messageCreationAndViewTest
11:51:19,217  INFO main TestBase:logTestStop:49 - Stop test messageCreationAndViewTest
11:51:22,649  INFO main MessagesPage:isLoginButtonPresent:50 - Login page is opened
11:51:22,819  INFO main TestBase:logTestStart:44 - Start test messageCreationTest
11:51:23,053  INFO main MessageCreateTest:messageCreationTest:18 - Создан объект: MessageData{name='Test', text='Test Text'}
11:51:23,616  INFO main TestBase:logTestStop:49 - Stop test messageCreationTest
11:51:26,999  INFO main MessagesPage:isLoginButtonPresent:50 - Login page is opened
11:51:27,193  INFO main TestBase:logTestStart:44 - Start test doubleCreate
11:51:28,197  INFO main TestBase:logTestStop:49 - Stop test doubleCreate
12:11:05,017  INFO main MessagesPage:isLoginButtonPresent:50 - Login page is opened
12:11:05,235  INFO main TestBase:logTestStart:44 - Start test createAndDeleteTest
12:11:06,470  INFO main TestBase:logTestStop:49 - Stop test createAndDeleteTest
12:11:09,930  INFO main MessagesPage:isLoginButtonPresent:50 - Login page is opened
12:11:10,112  INFO main TestBase:logTestStart:44 - Start test createAndExitTest
12:11:10,688  INFO main TestBase:logTestStop:49 - Stop test createAndExitTest
12:11:14,049  INFO main MessagesPage:isLoginButtonPresent:50 - Login page is opened
12:11:14,221  INFO main TestBase:logTestStart:44 - Start test createAndModifyTest
12:11:15,884  INFO main TestBase:logTestStop:49 - Stop test createAndModifyTest
12:11:19,504  INFO main MessagesPage:isLoginButtonPresent:50 - Login page is opened
12:11:19,682  INFO main TestBase:logTestStart:44 - Start test messageCreationAndViewTest
12:11:21,145  INFO main TestBase:logTestStop:49 - Stop test messageCreationAndViewTest
12:11:24,495  INFO main MessagesPage:isLoginButtonPresent:50 - Login page is opened
12:11:24,663  INFO main TestBase:logTestStart:44 - Start test messageCreationTest
12:11:24,872  INFO main MessageCreateTest:messageCreationTest:18 - Создан объект: MessageData{name='Test', text='Test Text'}
12:11:25,535  INFO main TestBase:logTestStop:49 - Stop test messageCreationTest
12:11:28,844  INFO main MessagesPage:isLoginButtonPresent:50 - Login page is opened
12:11:29,017  INFO main TestBase:logTestStart:44 - Start test doubleCreate
12:11:30,123  INFO main TestBase:logTestStop:49 - Stop test doubleCreate
14:01:34,601  INFO main MessagesPage:isLoginButtonPresent:50 - Login page is opened
14:01:34,872  INFO main TestBase:logTestStart:42 - Start test createAndDeleteTest
14:01:36,313  INFO main TestBase:logTestStop:47 - Stop test createAndDeleteTest
14:01:39,701  INFO main MessagesPage:isLoginButtonPresent:50 - Login page is opened
14:01:39,923  INFO main TestBase:logTestStart:42 - Start test createAndExitTest
14:01:40,636  INFO main TestBase:logTestStop:47 - Stop test createAndExitTest
14:01:44,028  INFO main MessagesPage:isLoginButtonPresent:50 - Login page is opened
14:01:44,255  INFO main TestBase:logTestStart:42 - Start test createAndModifyTest
14:01:46,197  INFO main TestBase:logTestStop:47 - Stop test createAndModifyTest
14:01:49,598  INFO main MessagesPage:isLoginButtonPresent:50 - Login page is opened
14:01:49,775  INFO main TestBase:logTestStart:42 - Start test messageCreationAndViewTest
14:01:51,508  INFO main TestBase:logTestStop:47 - Stop test messageCreationAndViewTest
14:01:54,875  INFO main MessagesPage:isLoginButtonPresent:50 - Login page is opened
14:01:55,055  INFO main TestBase:logTestStart:42 - Start test messageCreationTest
14:01:55,257  INFO main MessageCreateTest:messageCreationTest:18 - Создан объект: MessageData{name='Test', text='Test Text'}
14:01:56,122  INFO main TestBase:logTestStop:47 - Stop test messageCreationTest
14:01:59,460  INFO main MessagesPage:isLoginButtonPresent:50 - Login page is opened
14:01:59,658  INFO main TestBase:logTestStart:42 - Start test doubleCreate
14:02:00,933  INFO main TestBase:logTestStop:47 - Stop test doubleCreate
16:12:53,186  INFO main MessagesPage:isLoginButtonPresent:50 - Login page is opened
16:12:53,485  INFO main TestBase:logTestStart:42 - Start test viewOthersMessagesTest
16:12:54,674  INFO main TestBase:logTestStop:47 - Stop test viewOthersMessagesTest
16:13:46,057  INFO main MessagesPage:isLoginButtonPresent:50 - Login page is opened
16:13:46,284  INFO main TestBase:logTestStart:42 - Start test viewOthersMessagesTest
16:13:47,355  INFO main TestBase:logTestStop:47 - Stop test viewOthersMessagesTest
16:15:57,379  INFO main MessagesPage:isLoginButtonPresent:50 - Login page is opened
16:15:57,627  INFO main TestBase:logTestStart:42 - Start test viewOthersMessagesTest
16:15:58,837  INFO main TestBase:logTestStop:47 - Stop test viewOthersMessagesTest
16:20:26,071  INFO main MessagesPage:isLoginButtonPresent:51 - Login page is opened
16:20:26,273  INFO main TestBase:logTestStart:42 - Start test viewOthersMessagesTest
16:20:32,570  INFO main TestBase:logTestStop:47 - Stop test viewOthersMessagesTest
16:21:17,761  INFO main MessagesPage:isLoginButtonPresent:51 - Login page is opened
16:21:17,976  INFO main TestBase:logTestStart:42 - Start test viewOthersMessagesTest
16:21:24,234  INFO main TestBase:logTestStop:47 - Stop test viewOthersMessagesTest
16:22:09,228  INFO main MessagesPage:isLoginButtonPresent:51 - Login page is opened
16:22:09,493  INFO main TestBase:logTestStart:42 - Start test viewOthersMessagesTest
16:22:15,872  INFO main TestBase:logTestStop:47 - Stop test viewOthersMessagesTest
16:22:46,791  INFO main MessagesPage:isLoginButtonPresent:51 - Login page is opened
16:22:47,004  INFO main TestBase:logTestStart:42 - Start test viewOthersMessagesTest
16:22:53,570  INFO main TestBase:logTestStop:47 - Stop test viewOthersMessagesTest
16:23:28,974  INFO main MessagesPage:isLoginButtonPresent:51 - Login page is opened
16:23:29,196  INFO main TestBase:logTestStart:42 - Start test viewOthersMessagesTest
16:23:30,767  INFO main TestBase:logTestStop:47 - Stop test viewOthersMessagesTest
16:24:17,692  INFO main MessagesPage:isLoginButtonPresent:51 - Login page is opened
16:24:17,921  INFO main TestBase:logTestStart:42 - Start test viewOthersMessagesTest
16:24:19,498  INFO main TestBase:logTestStop:47 - Stop test viewOthersMessagesTest
16:26:24,237  INFO main MessagesPage:isLoginButtonPresent:51 - Login page is opened
16:26:24,546  INFO main TestBase:logTestStart:42 - Start test viewOthersMessagesTest
16:26:26,447  INFO main TestBase:logTestStop:47 - Stop test viewOthersMessagesTest
16:40:08,200  INFO main MessagesPage:isLoginButtonPresent:54 - Login page is opened
16:40:08,474  INFO main TestBase:logTestStart:42 - Start test messageCreationTest
16:40:08,870  INFO main MessageCreateTest:messageCreationTest:18 - Создан объект: MessageData{name='Test', text='Test Text'}
16:40:09,813  INFO main TestBase:logTestStop:47 - Stop test messageCreationTest
16:40:24,867  INFO main MessagesPage:isLoginButtonPresent:54 - Login page is opened
16:40:25,123  INFO main TestBase:logTestStart:42 - Start test viewOthersMessagesTest
16:40:26,880  INFO main TestBase:logTestStop:47 - Stop test viewOthersMessagesTest
16:56:36,663  INFO main MessagesPage:isLoginButtonPresent:54 - Login page is opened
16:56:37,061  INFO main TestBase:logTestStart:42 - Start test viewOthersMessagesTest
16:56:59,832  INFO main TestBase:logTestStop:47 - Stop test viewOthersMessagesTest
16:57:22,565  INFO main MessagesPage:isLoginButtonPresent:54 - Login page is opened
16:57:23,374  INFO main TestBase:logTestStart:42 - Start test viewOthersMessagesTest
16:57:28,069  INFO main TestBase:logTestStop:47 - Stop test viewOthersMessagesTest
17:03:59,142  INFO main MessagesPage:isLoginButtonPresent:54 - Login page is opened
17:03:59,402  INFO main TestBase:logTestStart:42 - Start test viewOthersMessagesTest
17:04:00,456  INFO main TestBase:logTestStop:47 - Stop test viewOthersMessagesTest
17:07:04,773  INFO main MessagesPage:isLoginButtonPresent:54 - Login page is opened
17:07:05,032  INFO main TestBase:logTestStart:42 - Start test messageCreationTest
17:07:05,429  INFO main MessageCreateTest:messageCreationTest:18 - Создан объект: MessageData{name='Test', text='Test Text'}
17:07:06,020  INFO main TestBase:logTestStop:47 - Stop test messageCreationTest
17:45:00,643  INFO main MessagesPage:isLoginButtonPresent:54 - Login page is opened
17:45:01,224  INFO main TestBase:logTestStart:41 - Start test messageCreationAndViewTest
17:45:02,775  INFO main TestBase:logTestStop:46 - Stop test messageCreationAndViewTest
17:45:55,880  INFO main MessagesPage:isLoginButtonPresent:54 - Login page is opened
17:45:56,162  INFO main TestBase:logTestStart:41 - Start test createAndDeleteTest
17:45:57,215  INFO main TestBase:logTestStop:46 - Stop test createAndDeleteTest
17:46:00,741  INFO main MessagesPage:isLoginButtonPresent:54 - Login page is opened
17:46:00,976  INFO main TestBase:logTestStart:41 - Start test viewOthersMessagesTest
17:46:01,896  INFO main TestBase:logTestStop:46 - Stop test viewOthersMessagesTest
17:57:50,176  INFO main MessagesPage:isLoginButtonPresent:54 - Login page is opened
17:57:50,503  INFO main TestBase:logTestStart:41 - Start test createAndExitTest
17:57:51,307  INFO main TestBase:logTestStop:46 - Stop test createAndExitTest
17:58:01,625  INFO main MessagesPage:isLoginButtonPresent:54 - Login page is opened
17:58:01,919  INFO main TestBase:logTestStart:41 - Start test createAndModifyTest
17:58:04,057  INFO main TestBase:logTestStop:46 - Stop test createAndModifyTest
17:59:32,452  INFO main MessagesPage:isLoginButtonPresent:54 - Login page is opened
17:59:32,718  INFO main TestBase:logTestStart:41 - Start test createAndModifyTest
17:59:34,605  INFO main TestBase:logTestStop:46 - Stop test createAndModifyTest
17:59:44,790  INFO main MessagesPage:isLoginButtonPresent:54 - Login page is opened
17:59:45,034  INFO main TestBase:logTestStart:41 - Start test createAndModifyTest
17:59:46,865  INFO main TestBase:logTestStop:46 - Stop test createAndModifyTest
17:59:57,540  INFO main MessagesPage:isLoginButtonPresent:54 - Login page is opened
17:59:57,813  INFO main TestBase:logTestStart:41 - Start test createAndDeleteTest
17:59:59,007  INFO main TestBase:logTestStop:46 - Stop test createAndDeleteTest
18:00:02,426  INFO main MessagesPage:isLoginButtonPresent:54 - Login page is opened
18:00:02,645  INFO main TestBase:logTestStart:41 - Start test viewOthersMessagesTest
18:00:06,082  INFO main TestBase:logTestStop:46 - Stop test viewOthersMessagesTest
18:00:09,439  INFO main MessagesPage:isLoginButtonPresent:54 - Login page is opened
18:00:09,671  INFO main TestBase:logTestStart:41 - Start test createAndExitTest
18:00:10,247  INFO main TestBase:logTestStop:46 - Stop test createAndExitTest
18:00:13,619  INFO main MessagesPage:isLoginButtonPresent:54 - Login page is opened
18:00:13,832  INFO main TestBase:logTestStart:41 - Start test createAndModifyTest
18:00:15,518  INFO main TestBase:logTestStop:46 - Stop test createAndModifyTest
18:00:18,854  INFO main MessagesPage:isLoginButtonPresent:54 - Login page is opened
18:00:19,073  INFO main TestBase:logTestStart:41 - Start test messageCreationAndViewTest
18:00:19,797  INFO main TestBase:logTestStop:46 - Stop test messageCreationAndViewTest
18:00:23,128  INFO main MessagesPage:isLoginButtonPresent:54 - Login page is opened
18:00:23,352  INFO main TestBase:logTestStart:41 - Start test messageCreationTest
18:00:23,598  INFO main MessageCreateTest:messageCreationTest:18 - Создан объект: MessageData{name='Test', text='Test Text'}
18:00:24,091  INFO main TestBase:logTestStop:46 - Stop test messageCreationTest
18:00:27,452  INFO main MessagesPage:isLoginButtonPresent:54 - Login page is opened
18:00:27,669  INFO main TestBase:logTestStart:41 - Start test doubleCreate
18:00:28,716  INFO main TestBase:logTestStop:46 - Stop test doubleCreate
18:01:35,660  INFO main MessagesPage:isLoginButtonPresent:54 - Login page is opened
18:01:35,910  INFO main TestBase:logTestStart:41 - Start test createAndDeleteTest
18:01:46,720  INFO main TestBase:logTestStop:46 - Stop test createAndDeleteTest
18:01:50,063  INFO main MessagesPage:isLoginButtonPresent:54 - Login page is opened
18:01:50,278  INFO main TestBase:logTestStart:41 - Start test viewOthersMessagesTest
18:01:52,939  INFO main TestBase:logTestStop:46 - Stop test viewOthersMessagesTest
18:01:56,233  INFO main MessagesPage:isLoginButtonPresent:54 - Login page is opened
18:01:56,447  INFO main TestBase:logTestStart:41 - Start test createAndExitTest
18:01:56,812  INFO main TestBase:logTestStop:46 - Stop test createAndExitTest
18:02:00,115  INFO main MessagesPage:isLoginButtonPresent:54 - Login page is opened
18:02:00,323  INFO main TestBase:logTestStart:41 - Start test createAndModifyTest
18:02:01,481  INFO main TestBase:logTestStop:46 - Stop test createAndModifyTest
18:02:04,877  INFO main MessagesPage:isLoginButtonPresent:54 - Login page is opened
18:02:05,105  INFO main TestBase:logTestStart:41 - Start test messageCreationAndViewTest
18:02:06,031  INFO main TestBase:logTestStop:46 - Stop test messageCreationAndViewTest
18:02:09,541  INFO main MessagesPage:isLoginButtonPresent:54 - Login page is opened
18:02:09,747  INFO main TestBase:logTestStart:41 - Start test messageCreationTest
18:02:09,949  INFO main MessageCreateTest:messageCreationTest:18 - Создан объект: MessageData{name='Test', text='Test Text'}
18:02:10,308  INFO main TestBase:logTestStop:46 - Stop test messageCreationTest
18:02:13,689  INFO main MessagesPage:isLoginButtonPresent:54 - Login page is opened
18:02:13,888  INFO main TestBase:logTestStart:41 - Start test doubleCreate
18:02:14,827  INFO main TestBase:logTestStop:46 - Stop test doubleCreate
12:26:03,014  INFO main TestBase:logTestStart:41 - Start test createAndDeleteTest
12:26:03,244  INFO main TestBase:logTestStop:46 - Stop test createAndDeleteTest
12:26:36,281  INFO main MessagesPage:isLoginButtonPresent:54 - Login page is opened
12:26:36,832  INFO main TestBase:logTestStart:41 - Start test createAndDeleteTest
12:26:38,291  INFO main TestBase:logTestStop:46 - Stop test createAndDeleteTest
12:31:10,306  INFO main MessagesPage:isLoginButtonPresent:54 - Login page is opened
12:31:10,570  INFO main TestBase:logTestStart:41 - Start test createAndDeleteTest
12:31:11,516  INFO main TestBase:logTestStop:46 - Stop test createAndDeleteTest
12:31:14,924  INFO main MessagesPage:isLoginButtonPresent:54 - Login page is opened
12:31:15,139  INFO main TestBase:logTestStart:41 - Start test viewOthersMessagesTest
12:31:17,888  INFO main TestBase:logTestStop:46 - Stop test viewOthersMessagesTest
12:31:21,304  INFO main MessagesPage:isLoginButtonPresent:54 - Login page is opened
12:31:21,512  INFO main TestBase:logTestStart:41 - Start test createAndExitTest
12:31:21,891  INFO main TestBase:logTestStop:46 - Stop test createAndExitTest
12:31:25,199  INFO main MessagesPage:isLoginButtonPresent:54 - Login page is opened
12:31:25,425  INFO main TestBase:logTestStart:41 - Start test createAndModifyTest
12:31:26,768  INFO main TestBase:logTestStop:46 - Stop test createAndModifyTest
12:31:30,083  INFO main MessagesPage:isLoginButtonPresent:54 - Login page is opened
12:31:30,301  INFO main TestBase:logTestStart:41 - Start test messageCreationAndViewTest
12:31:31,410  INFO main TestBase:logTestStop:46 - Stop test messageCreationAndViewTest
12:31:34,800  INFO main MessagesPage:isLoginButtonPresent:54 - Login page is opened
12:31:35,006  INFO main TestBase:logTestStart:41 - Start test messageCreationTest
12:31:35,204  INFO main MessageCreateTest:messageCreationTest:18 - Создан объект: MessageData{name='Test', text='Test Text'}
12:31:35,655  INFO main TestBase:logTestStop:46 - Stop test messageCreationTest
12:31:39,085  INFO main MessagesPage:isLoginButtonPresent:54 - Login page is opened
12:31:39,293  INFO main TestBase:logTestStart:41 - Start test doubleCreate
12:31:40,261  INFO main TestBase:logTestStop:46 - Stop test doubleCreate
13:01:33,557  INFO main MessagesPage:isLoginButtonPresent:54 - Login page is opened
13:01:33,752  INFO main TestBase:logTestStart:41 - Start test createAndDeleteTest
13:01:33,909  INFO main TestBase:logTestStop:46 - Stop test createAndDeleteTest
13:02:12,418  INFO main MessagesPage:isLoginButtonPresent:54 - Login page is opened
13:02:12,533  INFO main TestBase:logTestStart:41 - Start test createAndDeleteTest
13:02:12,715  INFO main TestBase:logTestStop:46 - Stop test createAndDeleteTest
13:04:51,158  INFO main MessagesPage:isLoginButtonPresent:54 - Login page is opened
13:04:51,491  INFO main TestBase:logTestStart:41 - Start test createAndModifyTest
13:04:52,440  INFO main TestBase:logTestStop:46 - Stop test createAndModifyTest
13:05:29,464  INFO main MessagesPage:isLoginButtonPresent:54 - Login page is opened
13:05:29,736  INFO main TestBase:logTestStart:41 - Start test createAndModifyTest
13:05:30,605  INFO main TestBase:logTestStop:46 - Stop test createAndModifyTest
13:05:44,146  INFO main MessagesPage:isLoginButtonPresent:54 - Login page is opened
13:05:44,505  INFO main TestBase:logTestStart:41 - Start test createAndModifyTest
13:05:45,398  INFO main TestBase:logTestStop:46 - Stop test createAndModifyTest
13:06:33,762  INFO main MessagesPage:isLoginButtonPresent:54 - Login page is opened
13:06:34,065  INFO main TestBase:logTestStart:41 - Start test createAndModifyTest
13:06:35,383  INFO main TestBase:logTestStop:46 - Stop test createAndModifyTest
13:06:48,792  INFO main MessagesPage:isLoginButtonPresent:54 - Login page is opened
13:06:49,031  INFO main TestBase:logTestStart:41 - Start test createAndModifyTest
13:06:50,320  INFO main TestBase:logTestStop:46 - Stop test createAndModifyTest
15:32:36,233  INFO main MessagesPage:isLoginButtonPresent:54 - Login page is opened
15:32:36,519  INFO main TestBase:logTestStart:41 - Start test viewOthersMessagesTest
15:32:42,338  INFO main TestBase:logTestStop:46 - Stop test viewOthersMessagesTest
15:33:25,458  INFO main MessagesPage:isLoginButtonPresent:54 - Login page is opened
15:33:25,730  INFO main TestBase:logTestStart:41 - Start test viewOthersMessagesTest
15:33:28,361  INFO main TestBase:logTestStop:46 - Stop test viewOthersMessagesTest
16:09:48,024  INFO main MessagesPage:isLoginButtonPresent:55 - Login page is opened
16:09:48,389  INFO main TestBase:logTestStart:41 - Start test viewOthersMessagesTest
16:09:48,897  INFO main TestBase:logTestStop:46 - Stop test viewOthersMessagesTest
16:12:47,653  INFO main MessagesPage:isLoginButtonPresent:55 - Login page is opened
16:12:47,920  INFO main TestBase:logTestStart:41 - Start test viewOthersMessagesTest
16:12:48,287  INFO main TestBase:logTestStop:46 - Stop test viewOthersMessagesTest
16:41:46,233  INFO main MessagesPage:isLoginButtonPresent:55 - Login page is opened
16:41:46,635  INFO main TestBase:logTestStart:41 - Start test viewOthersMessagesTest
16:41:47,073  INFO main TestBase:logTestStop:46 - Stop test viewOthersMessagesTest
16:48:30,616  INFO main MessagesPage:isLoginButtonPresent:55 - Login page is opened
16:48:31,492  INFO main TestBase:logTestStart:41 - Start test viewOthersMessagesTest
16:48:32,259  INFO main TestBase:logTestStop:46 - Stop test viewOthersMessagesTest
16:50:59,222  INFO main MessagesPage:isLoginButtonPresent:55 - Login page is opened
16:50:59,489  INFO main TestBase:logTestStart:41 - Start test viewOthersMessagesTest
16:50:59,769  INFO main TestBase:logTestStop:46 - Stop test viewOthersMessagesTest
16:51:57,144  INFO main MessagesPage:isLoginButtonPresent:55 - Login page is opened
16:51:57,404  INFO main TestBase:logTestStart:41 - Start test viewOthersMessagesTest
16:51:57,660  INFO main TestBase:logTestStop:46 - Stop test viewOthersMessagesTest
16:58:16,351  INFO main MessagesPage:isLoginButtonPresent:55 - Login page is opened
16:58:16,666  INFO main TestBase:logTestStart:41 - Start test sdfsd
16:58:16,888  INFO main TestBase:logTestStop:46 - Stop test sdfsd
17:03:05,983  INFO main MessagesPage:isLoginButtonPresent:55 - Login page is opened
17:03:06,284  INFO main TestBase:logTestStart:41 - Start test sdfsd
17:03:06,545  INFO main TestBase:logTestStop:46 - Stop test sdfsd
17:03:29,695  INFO main MessagesPage:isLoginButtonPresent:55 - Login page is opened
17:03:29,987  INFO main TestBase:logTestStart:41 - Start test sdfsd
17:03:30,179  INFO main TestBase:logTestStop:46 - Stop test sdfsd
17:03:53,265  INFO main MessagesPage:isLoginButtonPresent:55 - Login page is opened
17:03:53,507  INFO main TestBase:logTestStart:41 - Start test sdfsd
17:03:53,699  INFO main TestBase:logTestStop:46 - Stop test sdfsd
17:04:11,087  INFO main MessagesPage:isLoginButtonPresent:55 - Login page is opened
17:04:11,392  INFO main TestBase:logTestStart:41 - Start test viewOthersMessagesTest
17:04:23,194  INFO main TestBase:logTestStop:46 - Stop test viewOthersMessagesTest
17:06:27,917  INFO main MessagesPage:isLoginButtonPresent:55 - Login page is opened
17:06:28,217  INFO main TestBase:logTestStart:41 - Start test viewOthersMessagesTest
17:06:31,022  INFO main TestBase:logTestStop:46 - Stop test viewOthersMessagesTest
17:15:27,364  INFO main MessagesPage:isLoginButtonPresent:55 - Login page is opened
17:15:27,673  INFO main TestBase:logTestStart:41 - Start test viewOthersMessagesTest
17:15:29,399  INFO main TestBase:logTestStop:46 - Stop test viewOthersMessagesTest
17:15:46,664  INFO main MessagesPage:isLoginButtonPresent:55 - Login page is opened
17:15:46,929  INFO main TestBase:logTestStart:41 - Start test viewOthersMessagesTest
17:15:50,929  INFO main TestBase:logTestStop:46 - Stop test viewOthersMessagesTest
17:32:31,454  INFO main MessagesPage:isLoginButtonPresent:55 - Login page is opened
17:32:31,737  INFO main TestBase:logTestStart:41 - Start test createAndDeleteTest
17:32:33,090  INFO main TestBase:logTestStop:46 - Stop test createAndDeleteTest
17:32:36,562  INFO main MessagesPage:isLoginButtonPresent:55 - Login page is opened
17:32:36,803  INFO main TestBase:logTestStart:41 - Start test viewOthersMessagesTest
17:32:40,741  INFO main TestBase:logTestStop:46 - Stop test viewOthersMessagesTest
17:32:44,156  INFO main MessagesPage:isLoginButtonPresent:55 - Login page is opened
17:32:44,385  INFO main TestBase:logTestStart:41 - Start test createAndExitTest
17:32:44,899  INFO main TestBase:logTestStop:46 - Stop test createAndExitTest
17:32:48,252  INFO main MessagesPage:isLoginButtonPresent:55 - Login page is opened
17:32:48,504  INFO main TestBase:logTestStart:41 - Start test createAndModifyTest
17:32:50,038  INFO main TestBase:logTestStop:46 - Stop test createAndModifyTest
17:32:53,542  INFO main MessagesPage:isLoginButtonPresent:55 - Login page is opened
17:32:53,763  INFO main TestBase:logTestStart:41 - Start test messageCreationAndViewTest
17:32:54,380  INFO main TestBase:logTestStop:46 - Stop test messageCreationAndViewTest
17:33:02,199  INFO main TestBase:logTestStart:41 - Start test messageCreationTest
17:33:02,210  INFO main TestBase:logTestStop:46 - Stop test messageCreationTest
17:33:06,987  INFO main TestBase:logTestStart:41 - Start test doubleCreate
17:33:07,006  INFO main TestBase:logTestStop:46 - Stop test doubleCreate
17:33:23,225  INFO main TestBase:logTestStart:41 - Start test createAndDeleteTest
17:33:23,416  INFO main TestBase:logTestStop:46 - Stop test createAndDeleteTest
17:33:23,437  INFO main TestBase:logTestStart:41 - Start test viewOthersMessagesTest
17:33:23,444  INFO main TestBase:logTestStop:46 - Stop test viewOthersMessagesTest
17:33:23,460  INFO main TestBase:logTestStart:41 - Start test createAndExitTest
17:33:23,466  INFO main TestBase:logTestStop:46 - Stop test createAndExitTest
17:33:23,484  INFO main TestBase:logTestStart:41 - Start test createAndModifyTest
17:33:23,489  INFO main TestBase:logTestStop:46 - Stop test createAndModifyTest
17:33:23,506  INFO main TestBase:logTestStart:41 - Start test messageCreationAndViewTest
17:33:23,512  INFO main TestBase:logTestStop:46 - Stop test messageCreationAndViewTest
17:33:23,523  INFO main TestBase:logTestStart:41 - Start test messageCreationTest
17:33:23,530  INFO main TestBase:logTestStop:46 - Stop test messageCreationTest
17:33:23,546  INFO main TestBase:logTestStart:41 - Start test doubleCreate
17:33:23,553  INFO main TestBase:logTestStop:46 - Stop test doubleCreate
17:50:32,376  INFO main MessagesPage:isLoginButtonPresent:55 - Login page is opened
17:50:32,726  INFO main TestBase:logTestStart:41 - Start test createAndDeleteTest
17:50:34,155  INFO main TestBase:logTestStop:46 - Stop test createAndDeleteTest
17:50:37,437  INFO main MessagesPage:isLoginButtonPresent:55 - Login page is opened
17:50:37,681  INFO main TestBase:logTestStart:41 - Start test viewOthersMessagesTest
17:50:40,499  INFO main TestBase:logTestStop:46 - Stop test viewOthersMessagesTest
17:50:43,790  INFO main MessagesPage:isLoginButtonPresent:55 - Login page is opened
17:50:44,016  INFO main TestBase:logTestStart:41 - Start test createAndExitTest
17:50:44,513  INFO main TestBase:logTestStop:46 - Stop test createAndExitTest
17:50:47,782  INFO main MessagesPage:isLoginButtonPresent:55 - Login page is opened
17:50:48,022  INFO main TestBase:logTestStart:41 - Start test createAndModifyTest
17:50:49,614  INFO main TestBase:logTestStop:46 - Stop test createAndModifyTest
17:50:53,078  INFO main MessagesPage:isLoginButtonPresent:55 - Login page is opened
17:50:53,315  INFO main TestBase:logTestStart:41 - Start test messageCreationAndViewTest
17:50:54,072  INFO main TestBase:logTestStop:46 - Stop test messageCreationAndViewTest
17:50:57,443  INFO main MessagesPage:isLoginButtonPresent:55 - Login page is opened
17:50:57,653  INFO main TestBase:logTestStart:41 - Start test messageCreationTest
17:50:57,855  INFO main MessageCreateTest:messageCreationTest:18 - Создан объект: MessageData{name='Test', text='Test Text'}
17:50:58,190  INFO main TestBase:logTestStop:46 - Stop test messageCreationTest
17:51:01,514  INFO main MessagesPage:isLoginButtonPresent:55 - Login page is opened
17:51:01,760  INFO main TestBase:logTestStart:41 - Start test doubleCreate
17:51:02,799  INFO main TestBase:logTestStop:46 - Stop test doubleCreate
17:52:17,529  INFO main MessagesPage:isLoginButtonPresent:55 - Login page is opened
17:52:17,796  INFO main TestBase:logTestStart:41 - Start test createAndDeleteTest
17:52:18,605  INFO main TestBase:logTestStop:46 - Stop test createAndDeleteTest
17:53:19,113  INFO main MessagesPage:isLoginButtonPresent:55 - Login page is opened
17:53:19,391  INFO main TestBase:logTestStart:41 - Start test createAndDeleteTest
17:53:30,314  INFO main TestBase:logTestStop:46 - Stop test createAndDeleteTest
17:53:33,640  INFO main MessagesPage:isLoginButtonPresent:55 - Login page is opened
17:53:33,843  INFO main TestBase:logTestStart:41 - Start test viewOthersMessagesTest
17:53:36,512  INFO main TestBase:logTestStop:46 - Stop test viewOthersMessagesTest
17:53:39,807  INFO main MessagesPage:isLoginButtonPresent:55 - Login page is opened
17:53:40,016  INFO main TestBase:logTestStart:41 - Start test createAndExitTest
17:53:40,352  INFO main TestBase:logTestStop:46 - Stop test createAndExitTest
17:53:43,703  INFO main MessagesPage:isLoginButtonPresent:55 - Login page is opened
17:53:43,920  INFO main TestBase:logTestStart:41 - Start test createAndModifyTest
17:53:44,978  INFO main TestBase:logTestStop:46 - Stop test createAndModifyTest
17:53:48,375  INFO main MessagesPage:isLoginButtonPresent:55 - Login page is opened
17:53:48,583  INFO main TestBase:logTestStart:41 - Start test messageCreationAndViewTest
17:53:49,447  INFO main TestBase:logTestStop:46 - Stop test messageCreationAndViewTest
17:53:52,778  INFO main MessagesPage:isLoginButtonPresent:55 - Login page is opened
17:53:52,989  INFO main TestBase:logTestStart:41 - Start test messageCreationTest
17:53:53,207  INFO main MessageCreateTest:messageCreationTest:18 - Создан объект: MessageData{name='Test', text='Test Text'}
17:53:53,543  INFO main TestBase:logTestStop:46 - Stop test messageCreationTest
17:53:56,879  INFO main MessagesPage:isLoginButtonPresent:55 - Login page is opened
17:53:57,092  INFO main TestBase:logTestStart:41 - Start test doubleCreate
17:53:58,028  INFO main TestBase:logTestStop:46 - Stop test doubleCreate
18:16:46,449  INFO main MessagesPage:isLoginButtonPresent:55 - Login page is opened
18:16:46,587  INFO main TestBase:logTestStart:41 - Start test doubleCreate
18:16:46,745  INFO main TestBase:logTestStop:46 - Stop test doubleCreate
18:17:19,542  INFO main MessagesPage:isLoginButtonPresent:55 - Login page is opened
18:17:19,671  INFO main TestBase:logTestStart:41 - Start test doubleCreate
18:17:19,841  INFO main TestBase:logTestStop:46 - Stop test doubleCreate
18:20:06,057  INFO main MessagesPage:isLoginButtonPresent:55 - Login page is opened
18:20:06,406  INFO main TestBase:logTestStart:41 - Start test doubleCreate
18:20:07,635  INFO main TestBase:logTestStop:46 - Stop test doubleCreate
18:20:41,753  INFO main MessagesPage:isLoginButtonPresent:55 - Login page is opened
18:20:42,024  INFO main TestBase:logTestStart:41 - Start test doubleCreate
18:20:43,210  INFO main TestBase:logTestStop:46 - Stop test doubleCreate
18:24:27,152  INFO main MessagesPage:isLoginButtonPresent:55 - Login page is opened
18:24:27,450  INFO main TestBase:logTestStart:41 - Start test doubleCreate
18:24:38,864  INFO main TestBase:logTestStop:46 - Stop test doubleCreate
10:02:39,799  INFO main MessagesPage:isLoginButtonPresent:55 - Login page is opened
10:02:40,155  INFO main TestBase:logTestStart:41 - Start test viewOthersMessagesTest
10:02:41,618  INFO main TestBase:logTestStop:46 - Stop test viewOthersMessagesTest
10:04:29,506  INFO main MessagesPage:isLoginButtonPresent:55 - Login page is opened
10:04:29,793  INFO main TestBase:logTestStart:41 - Start test viewOthersMessagesTest
10:04:31,217  INFO main TestBase:logTestStop:46 - Stop test viewOthersMessagesTest
10:05:21,612  INFO main MessagesPage:isLoginButtonPresent:55 - Login page is opened
10:05:21,920  INFO main TestBase:logTestStart:41 - Start test viewOthersMessagesTest
10:05:23,440  INFO main TestBase:logTestStop:46 - Stop test viewOthersMessagesTest
10:09:14,528  INFO main MessagesPage:isLoginButtonPresent:55 - Login page is opened
10:09:14,855  INFO main TestBase:logTestStart:41 - Start test viewOthersMessagesTest
10:09:17,812  INFO main TestBase:logTestStop:46 - Stop test viewOthersMessagesTest
10:12:05,844  INFO main MessagesPage:isLoginButtonPresent:55 - Login page is opened
10:12:06,154  INFO main TestBase:logTestStart:41 - Start test messageCreationTest
10:12:07,360  INFO main TestBase:logTestStop:46 - Stop test messageCreationTest
10:12:27,308  INFO main MessagesPage:isLoginButtonPresent:55 - Login page is opened
10:12:27,593  INFO main TestBase:logTestStart:41 - Start test messageCreationTest
10:12:28,010  INFO main TestBase:logTestStop:46 - Stop test messageCreationTest
10:14:02,771  INFO main MessagesPage:isLoginButtonPresent:55 - Login page is opened
10:14:03,065  INFO main TestBase:logTestStart:41 - Start test viewOthersMessagesTest
10:14:06,082  INFO main TestBase:logTestStop:46 - Stop test viewOthersMessagesTest
10:15:59,588  INFO main MessagesPage:isLoginButtonPresent:55 - Login page is opened
10:15:59,899  INFO main TestBase:logTestStart:41 - Start test viewOthersMessagesTest
10:16:04,038  INFO main TestBase:logTestStop:46 - Stop test viewOthersMessagesTest
10:17:23,064  INFO main MessagesPage:isLoginButtonPresent:55 - Login page is opened
10:17:23,400  INFO main TestBase:logTestStart:41 - Start test viewOthersMessagesTest
10:17:26,789  INFO main TestBase:logTestStop:46 - Stop test viewOthersMessagesTest
10:20:33,249  INFO main MessagesPage:isLoginButtonPresent:55 - Login page is opened
10:20:33,582  INFO main TestBase:logTestStart:41 - Start test viewOthersMessagesTest
10:20:36,886  INFO main TestBase:logTestStop:46 - Stop test viewOthersMessagesTest
10:26:22,895  INFO main MessagesPage:isLoginButtonPresent:55 - Login page is opened
10:26:23,179  INFO main TestBase:logTestStart:41 - Start test viewOthersMessagesTest
10:26:23,633  INFO main TestBase:logTestStop:46 - Stop test viewOthersMessagesTest
10:27:34,128  INFO main MessagesPage:isLoginButtonPresent:55 - Login page is opened
10:27:34,453  INFO main TestBase:logTestStart:41 - Start test viewOthersMessagesTest
10:27:37,752  INFO main TestBase:logTestStop:46 - Stop test viewOthersMessagesTest
10:36:05,107  INFO main MessagesPage:isLoginButtonPresent:55 - Login page is opened
10:36:05,444  INFO main TestBase:logTestStart:43 - Start test viewOthersMessagesTest
10:36:05,711  INFO main TestBase:logTestStop:48 - Stop test viewOthersMessagesTest
11:22:40,142  INFO main MessagesPage:isLoginButtonPresent:55 - Login page is opened
11:22:40,532  INFO main TestBase:logTestStart:43 - Start test viewOthersMessagesTest
11:22:43,842  INFO main TestBase:logTestStop:48 - Stop test viewOthersMessagesTest
11:23:14,767  INFO main MessagesPage:isLoginButtonPresent:55 - Login page is opened
11:23:15,074  INFO main TestBase:logTestStart:43 - Start test viewOthersMessagesTest
11:23:18,177  INFO main TestBase:logTestStop:48 - Stop test viewOthersMessagesTest
11:26:02,574  INFO main MessagesPage:isLoginButtonPresent:55 - Login page is opened
11:26:02,875  INFO main TestBase:logTestStart:43 - Start test viewOthersMessagesTest
11:26:06,187  INFO main TestBase:logTestStop:48 - Stop test viewOthersMessagesTest
11:27:57,281  INFO main MessagesPage:isLoginButtonPresent:55 - Login page is opened
11:27:57,578  INFO main TestBase:logTestStart:43 - Start test viewOthersMessagesTest
11:28:00,731  INFO main TestBase:logTestStop:48 - Stop test viewOthersMessagesTest
12:23:00,463  INFO main MessagesPage:isLoginButtonPresent:55 - Login page is opened
12:23:00,890  INFO main TestBase:logTestStart:43 - Start test viewOthersMessagesTest
12:23:04,528  INFO main TestBase:logTestStop:48 - Stop test viewOthersMessagesTest
14:34:57,176  INFO main MessagesPage:isLoginButtonPresent:55 - Login page is opened
14:34:57,811  INFO main TestBase:logTestStart:43 - Start test viewOthersMessagesTest
14:34:58,199  INFO main TestBase:logTestStop:48 - Stop test viewOthersMessagesTest
14:35:24,363  INFO main MessagesPage:isLoginButtonPresent:55 - Login page is opened
14:35:24,694  INFO main TestBase:logTestStart:43 - Start test viewOthersMessagesTest
14:35:25,101  INFO main TestBase:logTestStop:48 - Stop test viewOthersMessagesTest
14:35:49,849  INFO main MessagesPage:isLoginButtonPresent:55 - Login page is opened
14:35:50,366  INFO main TestBase:logTestStart:43 - Start test viewOthersMessagesTest
14:35:50,765  INFO main TestBase:logTestStop:48 - Stop test viewOthersMessagesTest
14:36:27,523  INFO main MessagesPage:isLoginButtonPresent:55 - Login page is opened
14:36:27,824  INFO main TestBase:logTestStart:43 - Start test viewOthersMessagesTest
14:36:28,262  INFO main TestBase:logTestStop:48 - Stop test viewOthersMessagesTest
14:36:57,933  INFO main MessagesPage:isLoginButtonPresent:55 - Login page is opened
14:36:58,243  INFO main TestBase:logTestStart:43 - Start test viewOthersMessagesTest
14:36:58,687  INFO main TestBase:logTestStop:48 - Stop test viewOthersMessagesTest
14:37:36,068  INFO main MessagesPage:isLoginButtonPresent:55 - Login page is opened
14:37:36,364  INFO main TestBase:logTestStart:43 - Start test viewOthersMessagesTest
14:37:36,801  INFO main TestBase:logTestStop:48 - Stop test viewOthersMessagesTest
14:38:31,054  INFO main MessagesPage:isLoginButtonPresent:55 - Login page is opened
14:38:31,390  INFO main TestBase:logTestStart:43 - Start test viewOthersMessagesTest
14:38:32,333  INFO main TestBase:logTestStop:48 - Stop test viewOthersMessagesTest
14:39:30,835  INFO main MessagesPage:isLoginButtonPresent:55 - Login page is opened
14:39:31,124  INFO main TestBase:logTestStart:43 - Start test viewOthersMessagesTest
14:39:31,920  INFO main TestBase:logTestStop:48 - Stop test viewOthersMessagesTest
14:39:58,691  INFO main MessagesPage:isLoginButtonPresent:55 - Login page is opened
14:39:59,017  INFO main TestBase:logTestStart:43 - Start test viewOthersMessagesTest
14:39:59,884  INFO main TestBase:logTestStop:48 - Stop test viewOthersMessagesTest
14:40:55,379  INFO main MessagesPage:isLoginButtonPresent:55 - Login page is opened
14:40:55,645  INFO main TestBase:logTestStart:43 - Start test viewOthersMessagesTest
14:40:56,425  INFO main TestBase:logTestStop:48 - Stop test viewOthersMessagesTest
14:45:00,491  INFO main MessagesPage:isLoginButtonPresent:55 - Login page is opened
14:45:00,771  INFO main TestBase:logTestStart:43 - Start test viewOthersMessagesTest
14:45:01,572  INFO main TestBase:logTestStop:48 - Stop test viewOthersMessagesTest
14:46:41,380  INFO main MessagesPage:isLoginButtonPresent:55 - Login page is opened
14:46:41,826  INFO main TestBase:logTestStart:43 - Start test viewOthersMessagesTest
14:46:42,687  INFO main TestBase:logTestStop:48 - Stop test viewOthersMessagesTest
14:47:48,600  INFO main MessagesPage:isLoginButtonPresent:55 - Login page is opened
14:47:48,893  INFO main TestBase:logTestStart:43 - Start test viewOthersMessagesTest
14:47:49,611  INFO main TestBase:logTestStop:48 - Stop test viewOthersMessagesTest
14:49:56,253  INFO main MessagesPage:isLoginButtonPresent:55 - Login page is opened
14:49:56,587  INFO main TestBase:logTestStart:43 - Start test viewOthersMessagesTest
14:49:58,546  INFO main TestBase:logTestStop:48 - Stop test viewOthersMessagesTest
14:50:41,062  INFO main MessagesPage:isLoginButtonPresent:55 - Login page is opened
14:50:41,354  INFO main TestBase:logTestStart:43 - Start test viewOthersMessagesTest
14:50:44,642  INFO main TestBase:logTestStop:48 - Stop test viewOthersMessagesTest
14:51:07,831  INFO main MessagesPage:isLoginButtonPresent:55 - Login page is opened
14:51:08,107  INFO main TestBase:logTestStart:43 - Start test viewOthersMessagesTest
14:51:11,731  INFO main TestBase:logTestStop:48 - Stop test viewOthersMessagesTest
15:18:59,437  INFO main MessagesPage:isLoginButtonPresent:55 - Login page is opened
15:18:59,788  INFO main TestBase:logTestStart:43 - Start test viewOthersMessagesTest
15:19:23,211  INFO main TestBase:logTestStop:48 - Stop test viewOthersMessagesTest
15:19:52,724  INFO main MessagesPage:isLoginButtonPresent:55 - Login page is opened
15:19:53,006  INFO main TestBase:logTestStart:43 - Start test viewOthersMessagesTest
15:20:11,452  INFO main TestBase:logTestStop:48 - Stop test viewOthersMessagesTest
15:21:03,913  INFO main MessagesPage:isLoginButtonPresent:55 - Login page is opened
15:21:04,170  INFO main TestBase:logTestStart:43 - Start test viewOthersMessagesTest
15:21:37,555  INFO main TestBase:logTestStop:48 - Stop test viewOthersMessagesTest
15:24:22,951  INFO main MessagesPage:isLoginButtonPresent:55 - Login page is opened
15:24:23,256  INFO main TestBase:logTestStart:43 - Start test doubleCreate
15:24:23,850  INFO main TestBase:logTestStop:48 - Stop test doubleCreate
15:25:40,923  INFO main MessagesPage:isLoginButtonPresent:55 - Login page is opened
15:25:41,185  INFO main TestBase:logTestStart:43 - Start test doubleCreate
15:25:42,729  INFO main TestBase:logTestStop:48 - Stop test doubleCreate
15:28:29,307  INFO main MessagesPage:isLoginButtonPresent:55 - Login page is opened
15:28:29,637  INFO main TestBase:logTestStart:43 - Start test doubleCreate
15:28:31,239  INFO main TestBase:logTestStop:48 - Stop test doubleCreate
15:30:21,756  INFO main MessagesPage:isLoginButtonPresent:55 - Login page is opened
15:30:22,054  INFO main TestBase:logTestStart:43 - Start test doubleCreate
15:30:23,535  INFO main TestBase:logTestStop:48 - Stop test doubleCreate
15:30:51,073  INFO main MessagesPage:isLoginButtonPresent:55 - Login page is opened
15:30:51,379  INFO main TestBase:logTestStart:43 - Start test doubleCreate
15:30:52,937  INFO main TestBase:logTestStop:48 - Stop test doubleCreate
15:31:42,262  INFO main MessagesPage:isLoginButtonPresent:55 - Login page is opened
15:31:42,545  INFO main TestBase:logTestStart:43 - Start test doubleCreate
15:32:54,977  INFO main TestBase:logTestStop:48 - Stop test doubleCreate
15:33:03,260  INFO main MessagesPage:isLoginButtonPresent:55 - Login page is opened
15:33:03,570  INFO main TestBase:logTestStart:43 - Start test doubleCreate
15:33:48,922  INFO main TestBase:logTestStop:48 - Stop test doubleCreate
15:34:21,296  INFO main MessagesPage:isLoginButtonPresent:55 - Login page is opened
15:34:21,568  INFO main TestBase:logTestStart:43 - Start test doubleCreate
15:34:23,558  INFO main TestBase:logTestStop:48 - Stop test doubleCreate
15:34:57,849  INFO main MessagesPage:isLoginButtonPresent:55 - Login page is opened
15:34:58,178  INFO main TestBase:logTestStart:43 - Start test doubleCreate
15:36:44,259  INFO main MessagesPage:isLoginButtonPresent:55 - Login page is opened
15:36:44,607  INFO main TestBase:logTestStart:43 - Start test doubleCreate
15:37:02,854  INFO main TestBase:logTestStop:48 - Stop test doubleCreate
15:37:25,938  INFO main MessagesPage:isLoginButtonPresent:55 - Login page is opened
15:37:26,283  INFO main TestBase:logTestStart:43 - Start test doubleCreate
15:37:42,979  INFO main TestBase:logTestStop:48 - Stop test doubleCreate
15:38:31,190  INFO main MessagesPage:isLoginButtonPresent:55 - Login page is opened
15:38:31,478  INFO main TestBase:logTestStart:43 - Start test createAndModifyTest
15:38:32,089  INFO main TestBase:logTestStop:48 - Stop test createAndModifyTest
15:39:41,199  INFO main MessagesPage:isLoginButtonPresent:55 - Login page is opened
15:39:41,482  INFO main TestBase:logTestStart:43 - Start test messageCreationAndViewTest
15:39:42,725  INFO main TestBase:logTestStop:48 - Stop test messageCreationAndViewTest
15:40:15,394  INFO main MessagesPage:isLoginButtonPresent:55 - Login page is opened
15:40:15,700  INFO main TestBase:logTestStart:43 - Start test createAndDeleteTest
15:40:16,783  INFO main TestBase:logTestStop:48 - Stop test createAndDeleteTest
15:40:28,214  INFO main MessagesPage:isLoginButtonPresent:55 - Login page is opened
15:40:28,508  INFO main TestBase:logTestStart:43 - Start test createAndModifyTest
15:40:29,576  INFO main TestBase:logTestStop:48 - Stop test createAndModifyTest
15:42:11,244  INFO main MessagesPage:isLoginButtonPresent:55 - Login page is opened
15:42:11,554  INFO main TestBase:logTestStart:43 - Start test createAndModifyTest
15:42:12,560  INFO main TestBase:logTestStop:48 - Stop test createAndModifyTest
16:29:58,240  INFO main MessagesPage:isLoginButtonPresent:55 - Login page is opened
16:29:58,554  INFO main TestBase:logTestStart:43 - Start test createAndModifyTest
16:29:59,604  INFO main TestBase:logTestStop:48 - Stop test createAndModifyTest
16:30:39,803  INFO main MessagesPage:isLoginButtonPresent:55 - Login page is opened
16:30:40,071  INFO main TestBase:logTestStart:43 - Start test createAndModifyTest
16:30:41,051  INFO main TestBase:logTestStop:48 - Stop test createAndModifyTest
16:31:04,427  INFO main MessagesPage:isLoginButtonPresent:55 - Login page is opened
16:31:04,735  INFO main TestBase:logTestStart:43 - Start test createAndModifyTest
16:31:05,869  INFO main TestBase:logTestStop:48 - Stop test createAndModifyTest
16:33:02,539  INFO main MessagesPage:isLoginButtonPresent:55 - Login page is opened
16:33:02,841  INFO main TestBase:logTestStart:43 - Start test createAndModifyTest
16:33:03,913  INFO main TestBase:logTestStop:48 - Stop test createAndModifyTest
16:34:42,286  INFO main MessagesPage:isLoginButtonPresent:55 - Login page is opened
16:34:42,590  INFO main TestBase:logTestStart:43 - Start test createAndModifyTest
16:34:43,774  INFO main TestBase:logTestStop:48 - Stop test createAndModifyTest
16:34:58,406  INFO main MessagesPage:isLoginButtonPresent:55 - Login page is opened
16:34:58,712  INFO main TestBase:logTestStart:43 - Start test createAndModifyTest
16:34:59,878  INFO main TestBase:logTestStop:48 - Stop test createAndModifyTest
16:35:23,272  INFO main MessagesPage:isLoginButtonPresent:55 - Login page is opened
16:35:23,551  INFO main TestBase:logTestStart:43 - Start test createAndModifyTest
16:35:24,655  INFO main TestBase:logTestStop:48 - Stop test createAndModifyTest
16:35:59,898  INFO main MessagesPage:isLoginButtonPresent:55 - Login page is opened
16:36:00,195  INFO main TestBase:logTestStart:43 - Start test createAndDeleteTest
16:36:01,309  INFO main TestBase:logTestStop:48 - Stop test createAndDeleteTest
16:36:37,070  INFO main MessagesPage:isLoginButtonPresent:55 - Login page is opened
16:36:37,376  INFO main TestBase:logTestStart:43 - Start test createAndDeleteTest
16:36:53,297  INFO main TestBase:logTestStop:48 - Stop test createAndDeleteTest
16:37:31,648  INFO main MessagesPage:isLoginButtonPresent:55 - Login page is opened
16:37:31,921  INFO main TestBase:logTestStart:43 - Start test createAndExitTest
16:37:47,500  INFO main TestBase:logTestStop:48 - Stop test createAndExitTest
16:38:02,857  INFO main MessagesPage:isLoginButtonPresent:55 - Login page is opened
16:38:03,163  INFO main TestBase:logTestStart:43 - Start test messageCreationAndViewTest
16:38:10,263  INFO main TestBase:logTestStop:48 - Stop test messageCreationAndViewTest
16:38:24,734  INFO main MessagesPage:isLoginButtonPresent:55 - Login page is opened
16:38:25,041  INFO main TestBase:logTestStart:43 - Start test messageCreationTest
16:38:31,853  INFO main TestBase:logTestStop:48 - Stop test messageCreationTest
16:38:41,841  INFO main MessagesPage:isLoginButtonPresent:55 - Login page is opened
16:38:42,114  INFO main TestBase:logTestStart:43 - Start test doubleCreate
16:38:49,732  INFO main TestBase:logTestStop:48 - Stop test doubleCreate
16:38:58,462  INFO main MessagesPage:isLoginButtonPresent:55 - Login page is opened
16:38:58,779  INFO main TestBase:logTestStart:43 - Start test viewOthersMessagesTest
16:39:14,278  INFO main TestBase:logTestStop:48 - Stop test viewOthersMessagesTest
16:41:56,250  INFO main MessagesPage:isLoginButtonPresent:55 - Login page is opened
16:41:56,532  INFO main TestBase:logTestStart:43 - Start test createAndModifyTest
16:41:57,413  INFO main TestBase:logTestStop:48 - Stop test createAndModifyTest
16:43:04,042  INFO main MessagesPage:isLoginButtonPresent:55 - Login page is opened
16:43:04,354  INFO main TestBase:logTestStart:43 - Start test createAndModifyTest
16:43:05,314  INFO main TestBase:logTestStop:48 - Stop test createAndModifyTest
16:43:27,388  INFO main MessagesPage:isLoginButtonPresent:55 - Login page is opened
16:43:27,717  INFO main TestBase:logTestStart:43 - Start test createAndModifyTest
16:43:28,711  INFO main TestBase:logTestStop:48 - Stop test createAndModifyTest
16:43:59,181  INFO main MessagesPage:isLoginButtonPresent:55 - Login page is opened
16:43:59,443  INFO main TestBase:logTestStart:43 - Start test createAndModifyTest
16:44:00,430  INFO main TestBase:logTestStop:48 - Stop test createAndModifyTest
16:45:08,320  INFO main MessagesPage:isLoginButtonPresent:55 - Login page is opened
16:45:08,627  INFO main TestBase:logTestStart:43 - Start test createAndModifyTest
16:45:09,636  INFO main TestBase:logTestStop:48 - Stop test createAndModifyTest
16:46:14,482  INFO main MessagesPage:isLoginButtonPresent:55 - Login page is opened
16:46:14,791  INFO main TestBase:logTestStart:43 - Start test createAndModifyTest
16:46:15,919  INFO main TestBase:logTestStop:48 - Stop test createAndModifyTest
16:46:37,696  INFO main MessagesPage:isLoginButtonPresent:55 - Login page is opened
16:46:38,003  INFO main TestBase:logTestStart:43 - Start test createAndModifyTest
16:46:39,972  INFO main TestBase:logTestStop:48 - Stop test createAndModifyTest
16:47:20,687  INFO main MessagesPage:isLoginButtonPresent:55 - Login page is opened
16:47:21,001  INFO main TestBase:logTestStart:43 - Start test createAndModifyTest
16:47:23,128  INFO main TestBase:logTestStop:48 - Stop test createAndModifyTest
16:59:30,936  INFO main MessagesPage:isLoginButtonPresent:55 - Login page is opened
16:59:31,271  INFO main TestBase:logTestStart:43 - Start test createAndDeleteTest
16:59:32,633  INFO main TestBase:logTestStop:48 - Stop test createAndDeleteTest
16:59:36,096  INFO main MessagesPage:isLoginButtonPresent:55 - Login page is opened
16:59:36,347  INFO main TestBase:logTestStart:43 - Start test viewOthersMessagesTest
16:59:47,301  INFO main TestBase:logTestStop:48 - Stop test viewOthersMessagesTest
16:59:50,715  INFO main MessagesPage:isLoginButtonPresent:55 - Login page is opened
16:59:50,982  INFO main TestBase:logTestStart:43 - Start test createAndExitTest
16:59:51,591  INFO main TestBase:logTestStop:48 - Stop test createAndExitTest
16:59:55,097  INFO main MessagesPage:isLoginButtonPresent:55 - Login page is opened
16:59:55,324  INFO main TestBase:logTestStart:43 - Start test createAndModifyTest
16:59:57,141  INFO main TestBase:logTestStop:48 - Stop test createAndModifyTest
17:00:00,427  INFO main MessagesPage:isLoginButtonPresent:55 - Login page is opened
17:00:00,694  INFO main TestBase:logTestStart:43 - Start test messageCreationAndViewTest
17:00:02,478  INFO main TestBase:logTestStop:48 - Stop test messageCreationAndViewTest
17:00:05,976  INFO main MessagesPage:isLoginButtonPresent:55 - Login page is opened
17:00:06,224  INFO main TestBase:logTestStart:43 - Start test messageCreationTest
17:00:07,179  INFO main TestBase:logTestStop:48 - Stop test messageCreationTest
17:00:10,500  INFO main MessagesPage:isLoginButtonPresent:55 - Login page is opened
17:00:10,741  INFO main TestBase:logTestStart:43 - Start test doubleCreate
17:00:12,827  INFO main TestBase:logTestStop:48 - Stop test doubleCreate
